<?xml version="1.0" encoding="UTF-8"?>
<!-- Generated by org.testng.reporters.JUnitReportReporter -->
<testsuite ignored="0" hostname="Dycmmryps-PC" failures="0" tests="1" name="Configuration.TestConfig" time="0.023" errors="0" timestamp="17 Jul 2020 07:12:25 GMT" skipped="0">
  <testcase classname="Configuration.TestConfig" name="TestConf" time="0.023"/>
</testsuite> <!-- Configuration.TestConfig -->
